<?xml version="1.0" encoding="UTF-8"?>
<testsuite name="com.fabrica.CheckIn.CheckInApplicationTests" tests="1" skipped="0" failures="0" errors="0" timestamp="2024-10-21T18:37:01" hostname="Radiant" time="0.661">
  <properties/>
  <testcase name="contextLoads()" classname="com.fabrica.CheckIn.CheckInApplicationTests" time="0.661"/>
  <system-out><![CDATA[13:36:48.343 [Test worker] INFO org.springframework.test.context.support.AnnotationConfigContextLoaderUtils -- Could not detect default configuration classes for test class [com.fabrica.CheckIn.CheckInApplicationTests]: CheckInApplicationTests does not declare any static, non-private, non-final, nested classes annotated with @Configuration.
13:36:48.694 [Test worker] INFO org.springframework.boot.test.context.SpringBootTestContextBootstrapper -- Found @SpringBootConfiguration com.fabrica.CheckIn.CheckInApplication for test class com.fabrica.CheckIn.CheckInApplicationTests

  .   ____          _            __ _ _
 /\\ / ___'_ __ _ _(_)_ __  __ _ \ \ \ \
( ( )\___ | '_ | '_| | '_ \/ _` | \ \ \ \
 \\/  ___)| |_)| | | | | || (_| |  ) ) ) )
  '  |____| .__|_| |_|_| |_\__, | / / / /
 =========|_|==============|___/=/_/_/_/

 :: Spring Boot ::                (v3.3.3)

2024-10-21T13:36:49.855-05:00  INFO 116563 --- [CheckIn] [    Test worker] c.f.CheckIn.CheckInApplicationTests      : Starting CheckInApplicationTests using Java 17.0.13 with PID 116563 (started by gerardc in /home/gerardc/Workspace/Checkin)
2024-10-21T13:36:49.858-05:00  INFO 116563 --- [CheckIn] [    Test worker] c.f.CheckIn.CheckInApplicationTests      : No active profile set, falling back to 1 default profile: "default"
2024-10-21T13:36:51.875-05:00  INFO 116563 --- [CheckIn] [    Test worker] .s.d.r.c.RepositoryConfigurationDelegate : Bootstrapping Spring Data JPA repositories in DEFAULT mode.
2024-10-21T13:36:52.238-05:00  INFO 116563 --- [CheckIn] [    Test worker] .s.d.r.c.RepositoryConfigurationDelegate : Finished Spring Data repository scanning in 348 ms. Found 2 JPA repository interfaces.
2024-10-21T13:36:53.465-05:00  INFO 116563 --- [CheckIn] [    Test worker] com.zaxxer.hikari.HikariDataSource       : HikariPool-1 - Starting...
2024-10-21T13:36:54.101-05:00  INFO 116563 --- [CheckIn] [    Test worker] com.zaxxer.hikari.pool.HikariPool        : HikariPool-1 - Added connection conn0: url=jdbc:h2:mem:CheckIn user=SA
2024-10-21T13:36:54.105-05:00  INFO 116563 --- [CheckIn] [    Test worker] com.zaxxer.hikari.HikariDataSource       : HikariPool-1 - Start completed.
2024-10-21T13:36:54.213-05:00  INFO 116563 --- [CheckIn] [    Test worker] o.hibernate.jpa.internal.util.LogHelper  : HHH000204: Processing PersistenceUnitInfo [name: default]
2024-10-21T13:36:54.338-05:00  INFO 116563 --- [CheckIn] [    Test worker] org.hibernate.Version                    : HHH000412: Hibernate ORM core version 6.5.2.Final
2024-10-21T13:36:54.415-05:00  INFO 116563 --- [CheckIn] [    Test worker] o.h.c.internal.RegionFactoryInitiator    : HHH000026: Second-level cache disabled
2024-10-21T13:36:55.029-05:00  INFO 116563 --- [CheckIn] [    Test worker] o.s.o.j.p.SpringPersistenceUnitInfo      : No LoadTimeWeaver setup: ignoring JPA class transformer
2024-10-21T13:36:55.115-05:00  WARN 116563 --- [CheckIn] [    Test worker] org.hibernate.orm.deprecation            : HHH90000025: H2Dialect does not need to be specified explicitly using 'hibernate.dialect' (remove the property setting and it will be selected by default)
2024-10-21T13:36:56.911-05:00  INFO 116563 --- [CheckIn] [    Test worker] o.h.e.t.j.p.i.JtaPlatformInitiator       : HHH000489: No JTA platform available (set 'hibernate.transaction.jta.platform' to enable JTA platform integration)
2024-10-21T13:36:57.009-05:00  INFO 116563 --- [CheckIn] [    Test worker] j.LocalContainerEntityManagerFactoryBean : Initialized JPA EntityManagerFactory for persistence unit 'default'
2024-10-21T13:36:58.270-05:00  WARN 116563 --- [CheckIn] [    Test worker] JpaBaseConfiguration$JpaWebConfiguration : spring.jpa.open-in-view is enabled by default. Therefore, database queries may be performed during view rendering. Explicitly configure spring.jpa.open-in-view to disable this warning
2024-10-21T13:36:59.485-05:00  INFO 116563 --- [CheckIn] [    Test worker] efaultSchemaResourceGraphQlSourceBuilder : Loaded 1 resource(s) in the GraphQL schema.
2024-10-21T13:36:59.953-05:00  INFO 116563 --- [CheckIn] [    Test worker] o.s.b.a.g.GraphQlAutoConfiguration       : GraphQL schema inspection:
	Unmapped fields: {}
	Unmapped registrations: {}
	Unmapped arguments: {}
	Skipped types: []
2024-10-21T13:37:00.004-05:00  INFO 116563 --- [CheckIn] [    Test worker] s.b.a.g.s.GraphQlWebMvcAutoConfiguration : GraphQL endpoint HTTP POST /graphql
2024-10-21T13:37:00.650-05:00  INFO 116563 --- [CheckIn] [    Test worker] o.s.b.a.h2.H2ConsoleAutoConfiguration    : H2 console available at '/h2-console'. Database available at 'jdbc:h2:mem:CheckIn'
2024-10-21T13:37:00.757-05:00  INFO 116563 --- [CheckIn] [    Test worker] c.f.CheckIn.CheckInApplicationTests      : Started CheckInApplicationTests in 11.558 seconds (process running for 14.619)
]]></system-out>
  <system-err><![CDATA[]]></system-err>
</testsuite>
